android/app/build/intermediates/manifest_merge_blame_file/debug/manifest-merger-blame-debug-report.txt
1<?xml version="1.0" encoding="utf-8"?>
2<manifest xmlns:android="http://schemas.android.com/apk/res/android"
3    package="edu.uci.ics.fabflixmobile"
4    android:versionCode="1"
5    android:versionName="1.0" >
6
7    <uses-sdk
8        android:minSdkVersion="24"
8-->src/main/AndroidManifest.xml
9        android:targetSdkVersion="30" />
9-->src/main/AndroidManifest.xml
10    <!-- This line is needed to enable HTTP connection -->
11    <uses-permission android:name="android.permission.INTERNET" />
11-->src/main/AndroidManifest.xml:5:5-67
11-->src/main/AndroidManifest.xml:5:22-64
12
13    <application
13-->src/main/AndroidManifest.xml:7:5-27:19
14        android:allowBackup="false"
14-->src/main/AndroidManifest.xml:8:9-36
15        android:appComponentFactory="androidx.core.app.CoreComponentFactory"
15-->[androidx.core:core:1.5.0] AndroidManifest.xml:24:18-86
16        android:debuggable="true"
17        android:extractNativeLibs="false"
18        android:icon="@mipmap/ic_launcher"
18-->src/main/AndroidManifest.xml:9:9-43
19        android:label="@string/app_name"
19-->src/main/AndroidManifest.xml:10:9-41
20        android:roundIcon="@mipmap/ic_launcher_round"
20-->src/main/AndroidManifest.xml:11:9-54
21        android:supportsRtl="true"
21-->src/main/AndroidManifest.xml:12:9-35
22        android:testOnly="true"
23        android:theme="@style/Theme.MyApplication"
23-->src/main/AndroidManifest.xml:13:9-51
24        android:usesCleartextTraffic="true" >
24-->src/main/AndroidManifest.xml:14:9-44
25        <activity android:name="edu.uci.ics.fabflixmobile.ui.movielist.MovieListActivity" />
25-->src/main/AndroidManifest.xml:15:9-68
25-->src/main/AndroidManifest.xml:15:19-65
26        <activity
26-->src/main/AndroidManifest.xml:16:9-24:20
27            android:name="edu.uci.ics.fabflixmobile.ui.login.LoginActivity"
27-->src/main/AndroidManifest.xml:17:13-51
28            android:exported="true"
28-->src/main/AndroidManifest.xml:18:13-36
29            android:label="@string/app_name" >
29-->src/main/AndroidManifest.xml:19:13-45
30            <intent-filter>
30-->src/main/AndroidManifest.xml:20:13-23:29
31                <action android:name="android.intent.action.MAIN" />
31-->src/main/AndroidManifest.xml:21:17-69
31-->src/main/AndroidManifest.xml:21:25-66
32
33                <category android:name="android.intent.category.LAUNCHER" />
33-->src/main/AndroidManifest.xml:22:17-77
33-->src/main/AndroidManifest.xml:22:27-74
34            </intent-filter>
35        </activity>
36        <activity android:name="edu.uci.ics.fabflixmobile.ui.search.SearchActivity" />
36-->src/main/AndroidManifest.xml:25:9-62
36-->src/main/AndroidManifest.xml:25:19-59
37        <activity android:name="edu.uci.ics.fabflixmobile.ui.singlemovie.SingleMovieActivity" />
37-->src/main/AndroidManifest.xml:26:9-72
37-->src/main/AndroidManifest.xml:26:19-69
38    </application>
39
40</manifest>